Analysis & Synthesis report for calculator
Fri Apr 20 17:31:33 2018
Quartus II 64-Bit Version 13.0.1 Build 232 06/12/2013 Service Pack 1 SJ Web Edition


---------------------
; Table of Contents ;
---------------------
  1. Legal Notice
  2. Analysis & Synthesis Summary
  3. Analysis & Synthesis Settings
  4. Parallel Compilation
  5. Analysis & Synthesis Source Files Read
  6. Analysis & Synthesis Resource Usage Summary
  7. Analysis & Synthesis Resource Utilization by Entity
  8. User-Specified and Inferred Latches
  9. General Register Statistics
 10. Multiplexer Restructuring Statistics (Restructuring Performed)
 11. Parameter Settings for Inferred Entity Instance: lpm_divide:Div0
 12. Parameter Settings for Inferred Entity Instance: lpm_divide:Mod0
 13. Parameter Settings for Inferred Entity Instance: compute:comb_5|lpm_mult:Mult0
 14. Parameter Settings for Inferred Entity Instance: compute:comb_5|lpm_divide:Div0
 15. lpm_mult Parameter Settings by Entity Instance
 16. Port Connectivity Checks: "print5BitNum:comb_14"
 17. Port Connectivity Checks: "print5BitNum10:comb_12"
 18. Elapsed Time Per Partition
 19. Analysis & Synthesis Messages



----------------
; Legal Notice ;
----------------
Copyright (C) 1991-2013 Altera Corporation
Your use of Altera Corporation's design tools, logic functions 
and other software and tools, and its AMPP partner logic 
functions, and any output files from any of the foregoing 
(including device programming or simulation files), and any 
associated documentation or information are expressly subject 
to the terms and conditions of the Altera Program License 
Subscription Agreement, Altera MegaCore Function License 
Agreement, or other applicable license agreement, including, 
without limitation, that your use is for the sole purpose of 
programming logic devices manufactured by Altera and sold by 
Altera or its authorized distributors.  Please refer to the 
applicable agreement for further details.



+--------------------------------------------------------------------------------------+
; Analysis & Synthesis Summary                                                         ;
+------------------------------------+-------------------------------------------------+
; Analysis & Synthesis Status        ; Successful - Fri Apr 20 17:31:33 2018           ;
; Quartus II 64-Bit Version          ; 13.0.1 Build 232 06/12/2013 SP 1 SJ Web Edition ;
; Revision Name                      ; calculator                                      ;
; Top-level Entity Name              ; calculator                                      ;
; Family                             ; Cyclone II                                      ;
; Total logic elements               ; 172                                             ;
;     Total combinational functions  ; 172                                             ;
;     Dedicated logic registers      ; 0                                               ;
; Total registers                    ; 0                                               ;
; Total pins                         ; 66                                              ;
; Total virtual pins                 ; 0                                               ;
; Total memory bits                  ; 0                                               ;
; Embedded Multiplier 9-bit elements ; 0                                               ;
; Total PLLs                         ; 0                                               ;
+------------------------------------+-------------------------------------------------+


+----------------------------------------------------------------------------------------------------------------------+
; Analysis & Synthesis Settings                                                                                        ;
+----------------------------------------------------------------------------+--------------------+--------------------+
; Option                                                                     ; Setting            ; Default Value      ;
+----------------------------------------------------------------------------+--------------------+--------------------+
; Device                                                                     ; EP2C35F672C6       ;                    ;
; Top-level entity name                                                      ; calculator         ; calculator         ;
; Family name                                                                ; Cyclone II         ; Cyclone IV GX      ;
; Use smart compilation                                                      ; Off                ; Off                ;
; Enable parallel Assembler and TimeQuest Timing Analyzer during compilation ; On                 ; On                 ;
; Enable compact report table                                                ; Off                ; Off                ;
; Restructure Multiplexers                                                   ; Auto               ; Auto               ;
; Create Debugging Nodes for IP Cores                                        ; Off                ; Off                ;
; Preserve fewer node names                                                  ; On                 ; On                 ;
; Disable OpenCore Plus hardware evaluation                                  ; Off                ; Off                ;
; Verilog Version                                                            ; Verilog_2001       ; Verilog_2001       ;
; VHDL Version                                                               ; VHDL_1993          ; VHDL_1993          ;
; State Machine Processing                                                   ; Auto               ; Auto               ;
; Safe State Machine                                                         ; Off                ; Off                ;
; Extract Verilog State Machines                                             ; On                 ; On                 ;
; Extract VHDL State Machines                                                ; On                 ; On                 ;
; Ignore Verilog initial constructs                                          ; Off                ; Off                ;
; Iteration limit for constant Verilog loops                                 ; 5000               ; 5000               ;
; Iteration limit for non-constant Verilog loops                             ; 250                ; 250                ;
; Add Pass-Through Logic to Inferred RAMs                                    ; On                 ; On                 ;
; Infer RAMs from Raw Logic                                                  ; On                 ; On                 ;
; Parallel Synthesis                                                         ; On                 ; On                 ;
; DSP Block Balancing                                                        ; Auto               ; Auto               ;
; NOT Gate Push-Back                                                         ; On                 ; On                 ;
; Power-Up Don't Care                                                        ; On                 ; On                 ;
; Remove Redundant Logic Cells                                               ; Off                ; Off                ;
; Remove Duplicate Registers                                                 ; On                 ; On                 ;
; Ignore CARRY Buffers                                                       ; Off                ; Off                ;
; Ignore CASCADE Buffers                                                     ; Off                ; Off                ;
; Ignore GLOBAL Buffers                                                      ; Off                ; Off                ;
; Ignore ROW GLOBAL Buffers                                                  ; Off                ; Off                ;
; Ignore LCELL Buffers                                                       ; Off                ; Off                ;
; Ignore SOFT Buffers                                                        ; On                 ; On                 ;
; Limit AHDL Integers to 32 Bits                                             ; Off                ; Off                ;
; Optimization Technique                                                     ; Balanced           ; Balanced           ;
; Carry Chain Length                                                         ; 70                 ; 70                 ;
; Auto Carry Chains                                                          ; On                 ; On                 ;
; Auto Open-Drain Pins                                                       ; On                 ; On                 ;
; Perform WYSIWYG Primitive Resynthesis                                      ; Off                ; Off                ;
; Auto ROM Replacement                                                       ; On                 ; On                 ;
; Auto RAM Replacement                                                       ; On                 ; On                 ;
; Auto Shift Register Replacement                                            ; Auto               ; Auto               ;
; Allow Shift Register Merging across Hierarchies                            ; Auto               ; Auto               ;
; Auto Clock Enable Replacement                                              ; On                 ; On                 ;
; Strict RAM Replacement                                                     ; Off                ; Off                ;
; Allow Synchronous Control Signals                                          ; On                 ; On                 ;
; Force Use of Synchronous Clear Signals                                     ; Off                ; Off                ;
; Auto RAM to Logic Cell Conversion                                          ; Off                ; Off                ;
; Auto Resource Sharing                                                      ; Off                ; Off                ;
; Allow Any RAM Size For Recognition                                         ; Off                ; Off                ;
; Allow Any ROM Size For Recognition                                         ; Off                ; Off                ;
; Allow Any Shift Register Size For Recognition                              ; Off                ; Off                ;
; Use LogicLock Constraints during Resource Balancing                        ; On                 ; On                 ;
; Ignore translate_off and synthesis_off directives                          ; Off                ; Off                ;
; Timing-Driven Synthesis                                                    ; Off                ; Off                ;
; Report Parameter Settings                                                  ; On                 ; On                 ;
; Report Source Assignments                                                  ; On                 ; On                 ;
; Report Connectivity Checks                                                 ; On                 ; On                 ;
; Ignore Maximum Fan-Out Assignments                                         ; Off                ; Off                ;
; Synchronization Register Chain Length                                      ; 2                  ; 2                  ;
; PowerPlay Power Optimization                                               ; Normal compilation ; Normal compilation ;
; HDL message level                                                          ; Level2             ; Level2             ;
; Suppress Register Optimization Related Messages                            ; Off                ; Off                ;
; Number of Removed Registers Reported in Synthesis Report                   ; 5000               ; 5000               ;
; Number of Swept Nodes Reported in Synthesis Report                         ; 5000               ; 5000               ;
; Number of Inverted Registers Reported in Synthesis Report                  ; 100                ; 100                ;
; Clock MUX Protection                                                       ; On                 ; On                 ;
; Auto Gated Clock Conversion                                                ; Off                ; Off                ;
; Block Design Naming                                                        ; Auto               ; Auto               ;
; SDC constraint protection                                                  ; Off                ; Off                ;
; Synthesis Effort                                                           ; Auto               ; Auto               ;
; Shift Register Replacement - Allow Asynchronous Clear Signal               ; On                 ; On                 ;
; Pre-Mapping Resynthesis Optimization                                       ; Off                ; Off                ;
; Analysis & Synthesis Message Level                                         ; Medium             ; Medium             ;
; Disable Register Merging Across Hierarchies                                ; Auto               ; Auto               ;
; Resource Aware Inference For Block RAM                                     ; On                 ; On                 ;
; Synthesis Seed                                                             ; 1                  ; 1                  ;
+----------------------------------------------------------------------------+--------------------+--------------------+


Parallel compilation was disabled, but you have multiple processors available. Enable parallel compilation to reduce compilation time.
+-------------------------------------+
; Parallel Compilation                ;
+----------------------------+--------+
; Processors                 ; Number ;
+----------------------------+--------+
; Number detected on machine ; 4      ;
; Maximum allowed            ; 1      ;
+----------------------------+--------+


+-------------------------------------------------------------------------------------------------------------------------------------------------------------------------+
; Analysis & Synthesis Source Files Read                                                                                                                                  ;
+----------------------------------+-----------------+------------------------------+---------------------------------------------------------------------------+---------+
; File Name with User-Entered Path ; Used in Netlist ; File Type                    ; File Name with Absolute Path                                              ; Library ;
+----------------------------------+-----------------+------------------------------+---------------------------------------------------------------------------+---------+
; calculator.v                     ; yes             ; User Verilog HDL File        ; C:/Users/v9542/Desktop/calculator/calculator.v                            ;         ;
; lpm_divide.tdf                   ; yes             ; Megafunction                 ; c:/altera/13.0sp1/quartus/libraries/megafunctions/lpm_divide.tdf          ;         ;
; abs_divider.inc                  ; yes             ; Megafunction                 ; c:/altera/13.0sp1/quartus/libraries/megafunctions/abs_divider.inc         ;         ;
; sign_div_unsign.inc              ; yes             ; Megafunction                 ; c:/altera/13.0sp1/quartus/libraries/megafunctions/sign_div_unsign.inc     ;         ;
; aglobal130.inc                   ; yes             ; Megafunction                 ; c:/altera/13.0sp1/quartus/libraries/megafunctions/aglobal130.inc          ;         ;
; db/lpm_divide_vcm.tdf            ; yes             ; Auto-Generated Megafunction  ; C:/Users/v9542/Desktop/calculator/db/lpm_divide_vcm.tdf                   ;         ;
; db/sign_div_unsign_9kh.tdf       ; yes             ; Auto-Generated Megafunction  ; C:/Users/v9542/Desktop/calculator/db/sign_div_unsign_9kh.tdf              ;         ;
; db/alt_u_div_kve.tdf             ; yes             ; Auto-Generated Megafunction  ; C:/Users/v9542/Desktop/calculator/db/alt_u_div_kve.tdf                    ;         ;
; db/add_sub_lkc.tdf               ; yes             ; Auto-Generated Megafunction  ; C:/Users/v9542/Desktop/calculator/db/add_sub_lkc.tdf                      ;         ;
; db/add_sub_mkc.tdf               ; yes             ; Auto-Generated Megafunction  ; C:/Users/v9542/Desktop/calculator/db/add_sub_mkc.tdf                      ;         ;
; db/lpm_divide_25m.tdf            ; yes             ; Auto-Generated Megafunction  ; C:/Users/v9542/Desktop/calculator/db/lpm_divide_25m.tdf                   ;         ;
; lpm_mult.tdf                     ; yes             ; Megafunction                 ; c:/altera/13.0sp1/quartus/libraries/megafunctions/lpm_mult.tdf            ;         ;
; lpm_add_sub.inc                  ; yes             ; Megafunction                 ; c:/altera/13.0sp1/quartus/libraries/megafunctions/lpm_add_sub.inc         ;         ;
; multcore.inc                     ; yes             ; Megafunction                 ; c:/altera/13.0sp1/quartus/libraries/megafunctions/multcore.inc            ;         ;
; bypassff.inc                     ; yes             ; Megafunction                 ; c:/altera/13.0sp1/quartus/libraries/megafunctions/bypassff.inc            ;         ;
; altshift.inc                     ; yes             ; Megafunction                 ; c:/altera/13.0sp1/quartus/libraries/megafunctions/altshift.inc            ;         ;
; multcore.tdf                     ; yes             ; Megafunction                 ; c:/altera/13.0sp1/quartus/libraries/megafunctions/multcore.tdf            ;         ;
; csa_add.inc                      ; yes             ; Megafunction                 ; c:/altera/13.0sp1/quartus/libraries/megafunctions/csa_add.inc             ;         ;
; mpar_add.inc                     ; yes             ; Megafunction                 ; c:/altera/13.0sp1/quartus/libraries/megafunctions/mpar_add.inc            ;         ;
; muleabz.inc                      ; yes             ; Megafunction                 ; c:/altera/13.0sp1/quartus/libraries/megafunctions/muleabz.inc             ;         ;
; mul_lfrg.inc                     ; yes             ; Megafunction                 ; c:/altera/13.0sp1/quartus/libraries/megafunctions/mul_lfrg.inc            ;         ;
; mul_boothc.inc                   ; yes             ; Megafunction                 ; c:/altera/13.0sp1/quartus/libraries/megafunctions/mul_boothc.inc          ;         ;
; alt_ded_mult.inc                 ; yes             ; Megafunction                 ; c:/altera/13.0sp1/quartus/libraries/megafunctions/alt_ded_mult.inc        ;         ;
; alt_ded_mult_y.inc               ; yes             ; Megafunction                 ; c:/altera/13.0sp1/quartus/libraries/megafunctions/alt_ded_mult_y.inc      ;         ;
; dffpipe.inc                      ; yes             ; Megafunction                 ; c:/altera/13.0sp1/quartus/libraries/megafunctions/dffpipe.inc             ;         ;
; mpar_add.tdf                     ; yes             ; Megafunction                 ; c:/altera/13.0sp1/quartus/libraries/megafunctions/mpar_add.tdf            ;         ;
; lpm_add_sub.tdf                  ; yes             ; Megafunction                 ; c:/altera/13.0sp1/quartus/libraries/megafunctions/lpm_add_sub.tdf         ;         ;
; addcore.inc                      ; yes             ; Megafunction                 ; c:/altera/13.0sp1/quartus/libraries/megafunctions/addcore.inc             ;         ;
; look_add.inc                     ; yes             ; Megafunction                 ; c:/altera/13.0sp1/quartus/libraries/megafunctions/look_add.inc            ;         ;
; alt_stratix_add_sub.inc          ; yes             ; Megafunction                 ; c:/altera/13.0sp1/quartus/libraries/megafunctions/alt_stratix_add_sub.inc ;         ;
; db/add_sub_07h.tdf               ; yes             ; Auto-Generated Megafunction  ; C:/Users/v9542/Desktop/calculator/db/add_sub_07h.tdf                      ;         ;
; db/add_sub_17h.tdf               ; yes             ; Auto-Generated Megafunction  ; C:/Users/v9542/Desktop/calculator/db/add_sub_17h.tdf                      ;         ;
; altshift.tdf                     ; yes             ; Megafunction                 ; c:/altera/13.0sp1/quartus/libraries/megafunctions/altshift.tdf            ;         ;
; db/lpm_divide_rcm.tdf            ; yes             ; Auto-Generated Megafunction  ; C:/Users/v9542/Desktop/calculator/db/lpm_divide_rcm.tdf                   ;         ;
; db/sign_div_unsign_5kh.tdf       ; yes             ; Auto-Generated Megafunction  ; C:/Users/v9542/Desktop/calculator/db/sign_div_unsign_5kh.tdf              ;         ;
; db/alt_u_div_cve.tdf             ; yes             ; Auto-Generated Megafunction  ; C:/Users/v9542/Desktop/calculator/db/alt_u_div_cve.tdf                    ;         ;
+----------------------------------+-----------------+------------------------------+---------------------------------------------------------------------------+---------+


+------------------------------------------------------+
; Analysis & Synthesis Resource Usage Summary          ;
+---------------------------------------------+--------+
; Resource                                    ; Usage  ;
+---------------------------------------------+--------+
; Estimated Total logic elements              ; 172    ;
;                                             ;        ;
; Total combinational functions               ; 172    ;
; Logic element usage by number of LUT inputs ;        ;
;     -- 4 input functions                    ; 48     ;
;     -- 3 input functions                    ; 66     ;
;     -- <=2 input functions                  ; 58     ;
;                                             ;        ;
; Logic elements by mode                      ;        ;
;     -- normal mode                          ; 135    ;
;     -- arithmetic mode                      ; 37     ;
;                                             ;        ;
; Total registers                             ; 0      ;
;     -- Dedicated logic registers            ; 0      ;
;     -- I/O registers                        ; 0      ;
;                                             ;        ;
; I/O pins                                    ; 66     ;
; Embedded Multiplier 9-bit elements          ; 0      ;
; Maximum fan-out node                        ; num2_1 ;
; Maximum fan-out                             ; 22     ;
; Total fan-out                               ; 512    ;
; Average fan-out                             ; 2.15   ;
+---------------------------------------------+--------+


+----------------------------------------------------------------------------------------------------------------------------------------------------------------------------------------------------------------------------------------------------------------------------------------------------------------------------------+
; Analysis & Synthesis Resource Utilization by Entity                                                                                                                                                                                                                                                                              ;
+---------------------------------------------------+-------------------+--------------+-------------+--------------+---------+-----------+------+--------------+---------------------------------------------------------------------------------------------------------------------------------------------------+--------------+
; Compilation Hierarchy Node                        ; LC Combinationals ; LC Registers ; Memory Bits ; DSP Elements ; DSP 9x9 ; DSP 18x18 ; Pins ; Virtual Pins ; Full Hierarchy Name                                                                                                                               ; Library Name ;
+---------------------------------------------------+-------------------+--------------+-------------+--------------+---------+-----------+------+--------------+---------------------------------------------------------------------------------------------------------------------------------------------------+--------------+
; |calculator                                       ; 172 (0)           ; 0 (0)        ; 0           ; 0            ; 0       ; 0         ; 66   ; 0            ; |calculator                                                                                                                                       ; work         ;
;    |compute:comb_5|                               ; 81 (54)           ; 0 (0)        ; 0           ; 0            ; 0       ; 0         ; 0    ; 0            ; |calculator|compute:comb_5                                                                                                                        ; work         ;
;       |lpm_divide:Div0|                           ; 10 (0)            ; 0 (0)        ; 0           ; 0            ; 0       ; 0         ; 0    ; 0            ; |calculator|compute:comb_5|lpm_divide:Div0                                                                                                        ; work         ;
;          |lpm_divide_rcm:auto_generated|          ; 10 (0)            ; 0 (0)        ; 0           ; 0            ; 0       ; 0         ; 0    ; 0            ; |calculator|compute:comb_5|lpm_divide:Div0|lpm_divide_rcm:auto_generated                                                                          ; work         ;
;             |sign_div_unsign_5kh:divider|         ; 10 (0)            ; 0 (0)        ; 0           ; 0            ; 0       ; 0         ; 0    ; 0            ; |calculator|compute:comb_5|lpm_divide:Div0|lpm_divide_rcm:auto_generated|sign_div_unsign_5kh:divider                                              ; work         ;
;                |alt_u_div_cve:divider|            ; 10 (10)           ; 0 (0)        ; 0           ; 0            ; 0       ; 0         ; 0    ; 0            ; |calculator|compute:comb_5|lpm_divide:Div0|lpm_divide_rcm:auto_generated|sign_div_unsign_5kh:divider|alt_u_div_cve:divider                        ; work         ;
;       |lpm_mult:Mult0|                            ; 17 (0)            ; 0 (0)        ; 0           ; 0            ; 0       ; 0         ; 0    ; 0            ; |calculator|compute:comb_5|lpm_mult:Mult0                                                                                                         ; work         ;
;          |multcore:mult_core|                     ; 17 (9)            ; 0 (0)        ; 0           ; 0            ; 0       ; 0         ; 0    ; 0            ; |calculator|compute:comb_5|lpm_mult:Mult0|multcore:mult_core                                                                                      ; work         ;
;             |mpar_add:padder|                     ; 8 (0)             ; 0 (0)        ; 0           ; 0            ; 0       ; 0         ; 0    ; 0            ; |calculator|compute:comb_5|lpm_mult:Mult0|multcore:mult_core|mpar_add:padder                                                                      ; work         ;
;                |lpm_add_sub:adder[0]|             ; 4 (0)             ; 0 (0)        ; 0           ; 0            ; 0       ; 0         ; 0    ; 0            ; |calculator|compute:comb_5|lpm_mult:Mult0|multcore:mult_core|mpar_add:padder|lpm_add_sub:adder[0]                                                 ; work         ;
;                   |add_sub_07h:auto_generated|    ; 4 (4)             ; 0 (0)        ; 0           ; 0            ; 0       ; 0         ; 0    ; 0            ; |calculator|compute:comb_5|lpm_mult:Mult0|multcore:mult_core|mpar_add:padder|lpm_add_sub:adder[0]|add_sub_07h:auto_generated                      ; work         ;
;                |mpar_add:sub_par_add|             ; 4 (0)             ; 0 (0)        ; 0           ; 0            ; 0       ; 0         ; 0    ; 0            ; |calculator|compute:comb_5|lpm_mult:Mult0|multcore:mult_core|mpar_add:padder|mpar_add:sub_par_add                                                 ; work         ;
;                   |lpm_add_sub:adder[0]|          ; 4 (0)             ; 0 (0)        ; 0           ; 0            ; 0       ; 0         ; 0    ; 0            ; |calculator|compute:comb_5|lpm_mult:Mult0|multcore:mult_core|mpar_add:padder|mpar_add:sub_par_add|lpm_add_sub:adder[0]                            ; work         ;
;                      |add_sub_17h:auto_generated| ; 4 (4)             ; 0 (0)        ; 0           ; 0            ; 0       ; 0         ; 0    ; 0            ; |calculator|compute:comb_5|lpm_mult:Mult0|multcore:mult_core|mpar_add:padder|mpar_add:sub_par_add|lpm_add_sub:adder[0]|add_sub_17h:auto_generated ; work         ;
;    |lpm_divide:Div0|                              ; 30 (0)            ; 0 (0)        ; 0           ; 0            ; 0       ; 0         ; 0    ; 0            ; |calculator|lpm_divide:Div0                                                                                                                       ; work         ;
;       |lpm_divide_vcm:auto_generated|             ; 30 (0)            ; 0 (0)        ; 0           ; 0            ; 0       ; 0         ; 0    ; 0            ; |calculator|lpm_divide:Div0|lpm_divide_vcm:auto_generated                                                                                         ; work         ;
;          |sign_div_unsign_9kh:divider|            ; 30 (0)            ; 0 (0)        ; 0           ; 0            ; 0       ; 0         ; 0    ; 0            ; |calculator|lpm_divide:Div0|lpm_divide_vcm:auto_generated|sign_div_unsign_9kh:divider                                                             ; work         ;
;             |alt_u_div_kve:divider|               ; 30 (30)           ; 0 (0)        ; 0           ; 0            ; 0       ; 0         ; 0    ; 0            ; |calculator|lpm_divide:Div0|lpm_divide_vcm:auto_generated|sign_div_unsign_9kh:divider|alt_u_div_kve:divider                                       ; work         ;
;    |lpm_divide:Mod0|                              ; 33 (0)            ; 0 (0)        ; 0           ; 0            ; 0       ; 0         ; 0    ; 0            ; |calculator|lpm_divide:Mod0                                                                                                                       ; work         ;
;       |lpm_divide_25m:auto_generated|             ; 33 (0)            ; 0 (0)        ; 0           ; 0            ; 0       ; 0         ; 0    ; 0            ; |calculator|lpm_divide:Mod0|lpm_divide_25m:auto_generated                                                                                         ; work         ;
;          |sign_div_unsign_9kh:divider|            ; 33 (0)            ; 0 (0)        ; 0           ; 0            ; 0       ; 0         ; 0    ; 0            ; |calculator|lpm_divide:Mod0|lpm_divide_25m:auto_generated|sign_div_unsign_9kh:divider                                                             ; work         ;
;             |alt_u_div_kve:divider|               ; 33 (33)           ; 0 (0)        ; 0           ; 0            ; 0       ; 0         ; 0    ; 0            ; |calculator|lpm_divide:Mod0|lpm_divide_25m:auto_generated|sign_div_unsign_9kh:divider|alt_u_div_kve:divider                                       ; work         ;
;    |print3BitNum:comb_10|                         ; 7 (7)             ; 0 (0)        ; 0           ; 0            ; 0       ; 0         ; 0    ; 0            ; |calculator|print3BitNum:comb_10                                                                                                                  ; work         ;
;    |print3BitNum:comb_11|                         ; 7 (7)             ; 0 (0)        ; 0           ; 0            ; 0       ; 0         ; 0    ; 0            ; |calculator|print3BitNum:comb_11                                                                                                                  ; work         ;
;    |print5BitNum10:comb_12|                       ; 7 (7)             ; 0 (0)        ; 0           ; 0            ; 0       ; 0         ; 0    ; 0            ; |calculator|print5BitNum10:comb_12                                                                                                                ; work         ;
;    |print5BitNum:comb_14|                         ; 7 (7)             ; 0 (0)        ; 0           ; 0            ; 0       ; 0         ; 0    ; 0            ; |calculator|print5BitNum:comb_14                                                                                                                  ; work         ;
+---------------------------------------------------+-------------------+--------------+-------------+--------------+---------+-----------+------+--------------+---------------------------------------------------------------------------------------------------------------------------------------------------+--------------+
Note: For table entries with two numbers listed, the numbers in parentheses indicate the number of resources of the given type used by the specific entity alone. The numbers listed outside of parentheses indicate the total resources of the given type used by the specific entity and all of its sub-entities in the hierarchy.


+-----------------------------------------------------------------------------------------------------+
; User-Specified and Inferred Latches                                                                 ;
+----------------------------------------------------+-----------------------+------------------------+
; Latch Name                                         ; Latch Enable Signal   ; Free of Timing Hazards ;
+----------------------------------------------------+-----------------------+------------------------+
; compute:comb_5|tmp[3]                              ; compute:comb_5|tmp[3] ; yes                    ;
; compute:comb_5|tmp[0]                              ; compute:comb_5|tmp[3] ; no                     ;
; compute:comb_5|tmp[2]                              ; compute:comb_5|tmp[3] ; yes                    ;
; compute:comb_5|tmp[1]                              ; compute:comb_5|tmp[3] ; no                     ;
; compute:comb_5|tmp[5]                              ; compute:comb_5|tmp[5] ; no                     ;
; compute:comb_5|tmp[4]                              ; compute:comb_5|tmp[5] ; no                     ;
; Number of user-specified and inferred latches = 6  ;                       ;                        ;
+----------------------------------------------------+-----------------------+------------------------+
Note: All latches listed above may not be present at the end of synthesis due to various synthesis optimizations.


+------------------------------------------------------+
; General Register Statistics                          ;
+----------------------------------------------+-------+
; Statistic                                    ; Value ;
+----------------------------------------------+-------+
; Total registers                              ; 0     ;
; Number of registers using Synchronous Clear  ; 0     ;
; Number of registers using Synchronous Load   ; 0     ;
; Number of registers using Asynchronous Clear ; 0     ;
; Number of registers using Asynchronous Load  ; 0     ;
; Number of registers using Clock Enable       ; 0     ;
; Number of registers using Preset             ; 0     ;
+----------------------------------------------+-------+


+-------------------------------------------------------------------------------------------------------------------------------------------------+
; Multiplexer Restructuring Statistics (Restructuring Performed)                                                                                  ;
+--------------------+-----------+---------------+----------------------+------------------------+------------+-----------------------------------+
; Multiplexer Inputs ; Bus Width ; Baseline Area ; Area if Restructured ; Saving if Restructured ; Registered ; Example Multiplexer Output        ;
+--------------------+-----------+---------------+----------------------+------------------------+------------+-----------------------------------+
; 5:1                ; 2 bits    ; 6 LEs         ; 6 LEs                ; 0 LEs                  ; No         ; |calculator|compute:comb_5|tmp[5] ;
; 7:1                ; 3 bits    ; 12 LEs        ; 12 LEs               ; 0 LEs                  ; No         ; |calculator|compute:comb_5|tmp[2] ;
+--------------------+-----------+---------------+----------------------+------------------------+------------+-----------------------------------+


+------------------------------------------------------------------+
; Parameter Settings for Inferred Entity Instance: lpm_divide:Div0 ;
+------------------------+----------------+------------------------+
; Parameter Name         ; Value          ; Type                   ;
+------------------------+----------------+------------------------+
; LPM_WIDTHN             ; 6              ; Untyped                ;
; LPM_WIDTHD             ; 4              ; Untyped                ;
; LPM_NREPRESENTATION    ; UNSIGNED       ; Untyped                ;
; LPM_DREPRESENTATION    ; UNSIGNED       ; Untyped                ;
; LPM_PIPELINE           ; 0              ; Untyped                ;
; LPM_REMAINDERPOSITIVE  ; TRUE           ; Untyped                ;
; MAXIMIZE_SPEED         ; 5              ; Untyped                ;
; CBXI_PARAMETER         ; lpm_divide_vcm ; Untyped                ;
; CARRY_CHAIN            ; MANUAL         ; Untyped                ;
; OPTIMIZE_FOR_SPEED     ; 5              ; Untyped                ;
; AUTO_CARRY_CHAINS      ; ON             ; AUTO_CARRY             ;
; IGNORE_CARRY_BUFFERS   ; OFF            ; IGNORE_CARRY           ;
; AUTO_CASCADE_CHAINS    ; ON             ; AUTO_CASCADE           ;
; IGNORE_CASCADE_BUFFERS ; OFF            ; IGNORE_CASCADE         ;
+------------------------+----------------+------------------------+
Note: In order to hide this table in the UI and the text report file, please set the "Show Parameter Settings in Synthesis Report" option in "Analysis and Synthesis Settings -> More Settings" to "Off".


+------------------------------------------------------------------+
; Parameter Settings for Inferred Entity Instance: lpm_divide:Mod0 ;
+------------------------+----------------+------------------------+
; Parameter Name         ; Value          ; Type                   ;
+------------------------+----------------+------------------------+
; LPM_WIDTHN             ; 6              ; Untyped                ;
; LPM_WIDTHD             ; 4              ; Untyped                ;
; LPM_NREPRESENTATION    ; UNSIGNED       ; Untyped                ;
; LPM_DREPRESENTATION    ; UNSIGNED       ; Untyped                ;
; LPM_PIPELINE           ; 0              ; Untyped                ;
; LPM_REMAINDERPOSITIVE  ; TRUE           ; Untyped                ;
; MAXIMIZE_SPEED         ; 5              ; Untyped                ;
; CBXI_PARAMETER         ; lpm_divide_25m ; Untyped                ;
; CARRY_CHAIN            ; MANUAL         ; Untyped                ;
; OPTIMIZE_FOR_SPEED     ; 5              ; Untyped                ;
; AUTO_CARRY_CHAINS      ; ON             ; AUTO_CARRY             ;
; IGNORE_CARRY_BUFFERS   ; OFF            ; IGNORE_CARRY           ;
; AUTO_CASCADE_CHAINS    ; ON             ; AUTO_CASCADE           ;
; IGNORE_CASCADE_BUFFERS ; OFF            ; IGNORE_CASCADE         ;
+------------------------+----------------+------------------------+
Note: In order to hide this table in the UI and the text report file, please set the "Show Parameter Settings in Synthesis Report" option in "Analysis and Synthesis Settings -> More Settings" to "Off".


+-----------------------------------------------------------------------------------+
; Parameter Settings for Inferred Entity Instance: compute:comb_5|lpm_mult:Mult0    ;
+------------------------------------------------+------------+---------------------+
; Parameter Name                                 ; Value      ; Type                ;
+------------------------------------------------+------------+---------------------+
; AUTO_CARRY_CHAINS                              ; ON         ; AUTO_CARRY          ;
; IGNORE_CARRY_BUFFERS                           ; OFF        ; IGNORE_CARRY        ;
; AUTO_CASCADE_CHAINS                            ; ON         ; AUTO_CASCADE        ;
; IGNORE_CASCADE_BUFFERS                         ; OFF        ; IGNORE_CASCADE      ;
; LPM_WIDTHA                                     ; 3          ; Untyped             ;
; LPM_WIDTHB                                     ; 3          ; Untyped             ;
; LPM_WIDTHP                                     ; 6          ; Untyped             ;
; LPM_WIDTHR                                     ; 6          ; Untyped             ;
; LPM_WIDTHS                                     ; 1          ; Untyped             ;
; LPM_REPRESENTATION                             ; UNSIGNED   ; Untyped             ;
; LPM_PIPELINE                                   ; 0          ; Untyped             ;
; LATENCY                                        ; 0          ; Untyped             ;
; INPUT_A_IS_CONSTANT                            ; NO         ; Untyped             ;
; INPUT_B_IS_CONSTANT                            ; NO         ; Untyped             ;
; USE_EAB                                        ; OFF        ; Untyped             ;
; MAXIMIZE_SPEED                                 ; 5          ; Untyped             ;
; DEVICE_FAMILY                                  ; Cyclone II ; Untyped             ;
; CARRY_CHAIN                                    ; MANUAL     ; Untyped             ;
; APEX20K_TECHNOLOGY_MAPPER                      ; LUT        ; TECH_MAPPER_APEX20K ;
; DEDICATED_MULTIPLIER_CIRCUITRY                 ; AUTO       ; Untyped             ;
; DEDICATED_MULTIPLIER_MIN_INPUT_WIDTH_FOR_AUTO  ; 0          ; Untyped             ;
; DEDICATED_MULTIPLIER_MIN_OUTPUT_WIDTH_FOR_AUTO ; 0          ; Untyped             ;
; CBXI_PARAMETER                                 ; NOTHING    ; Untyped             ;
; INPUT_A_FIXED_VALUE                            ; Bx         ; Untyped             ;
; INPUT_B_FIXED_VALUE                            ; Bx         ; Untyped             ;
; USE_AHDL_IMPLEMENTATION                        ; OFF        ; Untyped             ;
+------------------------------------------------+------------+---------------------+
Note: In order to hide this table in the UI and the text report file, please set the "Show Parameter Settings in Synthesis Report" option in "Analysis and Synthesis Settings -> More Settings" to "Off".


+---------------------------------------------------------------------------------+
; Parameter Settings for Inferred Entity Instance: compute:comb_5|lpm_divide:Div0 ;
+------------------------+----------------+---------------------------------------+
; Parameter Name         ; Value          ; Type                                  ;
+------------------------+----------------+---------------------------------------+
; LPM_WIDTHN             ; 3              ; Untyped                               ;
; LPM_WIDTHD             ; 3              ; Untyped                               ;
; LPM_NREPRESENTATION    ; UNSIGNED       ; Untyped                               ;
; LPM_DREPRESENTATION    ; UNSIGNED       ; Untyped                               ;
; LPM_PIPELINE           ; 0              ; Untyped                               ;
; LPM_REMAINDERPOSITIVE  ; TRUE           ; Untyped                               ;
; MAXIMIZE_SPEED         ; 5              ; Untyped                               ;
; CBXI_PARAMETER         ; lpm_divide_rcm ; Untyped                               ;
; CARRY_CHAIN            ; MANUAL         ; Untyped                               ;
; OPTIMIZE_FOR_SPEED     ; 5              ; Untyped                               ;
; AUTO_CARRY_CHAINS      ; ON             ; AUTO_CARRY                            ;
; IGNORE_CARRY_BUFFERS   ; OFF            ; IGNORE_CARRY                          ;
; AUTO_CASCADE_CHAINS    ; ON             ; AUTO_CASCADE                          ;
; IGNORE_CASCADE_BUFFERS ; OFF            ; IGNORE_CASCADE                        ;
+------------------------+----------------+---------------------------------------+
Note: In order to hide this table in the UI and the text report file, please set the "Show Parameter Settings in Synthesis Report" option in "Analysis and Synthesis Settings -> More Settings" to "Off".


+-----------------------------------------------------------------------+
; lpm_mult Parameter Settings by Entity Instance                        ;
+---------------------------------------+-------------------------------+
; Name                                  ; Value                         ;
+---------------------------------------+-------------------------------+
; Number of entity instances            ; 1                             ;
; Entity Instance                       ; compute:comb_5|lpm_mult:Mult0 ;
;     -- LPM_WIDTHA                     ; 3                             ;
;     -- LPM_WIDTHB                     ; 3                             ;
;     -- LPM_WIDTHP                     ; 6                             ;
;     -- LPM_REPRESENTATION             ; UNSIGNED                      ;
;     -- INPUT_A_IS_CONSTANT            ; NO                            ;
;     -- INPUT_B_IS_CONSTANT            ; NO                            ;
;     -- USE_EAB                        ; OFF                           ;
;     -- DEDICATED_MULTIPLIER_CIRCUITRY ; AUTO                          ;
;     -- INPUT_A_FIXED_VALUE            ; Bx                            ;
;     -- INPUT_B_FIXED_VALUE            ; Bx                            ;
+---------------------------------------+-------------------------------+


+--------------------------------------------------------------------------------------------------------------------------------------------------------------------------------------------------------------+
; Port Connectivity Checks: "print5BitNum:comb_14"                                                                                                                                                             ;
+--------+-------+----------+----------------------------------------------------------------------------------------------------------------------------------------------------------------------------------+
; Port   ; Type  ; Severity ; Details                                                                                                                                                                          ;
+--------+-------+----------+----------------------------------------------------------------------------------------------------------------------------------------------------------------------------------+
; num    ; Input ; Warning  ; Input port expression (6 bits) is wider than the input port (5 bits) it drives.  The 1 most-significant bit(s) in the expression will be dangling if they have no other fanouts. ;
; num[4] ; Input ; Info     ; Stuck at GND                                                                                                                                                                     ;
+--------+-------+----------+----------------------------------------------------------------------------------------------------------------------------------------------------------------------------------+


+------------------------------------------------------------------------------------------------------------------------------------------------------------------------------------------------------------+
; Port Connectivity Checks: "print5BitNum10:comb_12"                                                                                                                                                         ;
+------+-------+----------+----------------------------------------------------------------------------------------------------------------------------------------------------------------------------------+
; Port ; Type  ; Severity ; Details                                                                                                                                                                          ;
+------+-------+----------+----------------------------------------------------------------------------------------------------------------------------------------------------------------------------------+
; num  ; Input ; Warning  ; Input port expression (6 bits) is wider than the input port (5 bits) it drives.  The 1 most-significant bit(s) in the expression will be dangling if they have no other fanouts. ;
+------+-------+----------+----------------------------------------------------------------------------------------------------------------------------------------------------------------------------------+


+-------------------------------+
; Elapsed Time Per Partition    ;
+----------------+--------------+
; Partition Name ; Elapsed Time ;
+----------------+--------------+
; Top            ; 00:00:01     ;
+----------------+--------------+


+-------------------------------+
; Analysis & Synthesis Messages ;
+-------------------------------+
Info: *******************************************************************
Info: Running Quartus II 64-Bit Analysis & Synthesis
    Info: Version 13.0.1 Build 232 06/12/2013 Service Pack 1 SJ Web Edition
    Info: Processing started: Fri Apr 20 17:31:29 2018
Info: Command: quartus_map --read_settings_files=on --write_settings_files=off calculator -c calculator
Warning (20028): Parallel compilation is not licensed and has been disabled
Info (12021): Found 7 design units, including 7 entities, in source file calculator.v
    Info (12023): Found entity 1: calculator
    Info (12023): Found entity 2: getNum
    Info (12023): Found entity 3: compute
    Info (12023): Found entity 4: printNull
    Info (12023): Found entity 5: print3BitNum
    Info (12023): Found entity 6: print5BitNum10
    Info (12023): Found entity 7: print5BitNum
Critical Warning (10846): Verilog HDL Instantiation warning at calculator.v(17): instance has no name
Critical Warning (10846): Verilog HDL Instantiation warning at calculator.v(18): instance has no name
Critical Warning (10846): Verilog HDL Instantiation warning at calculator.v(19): instance has no name
Critical Warning (10846): Verilog HDL Instantiation warning at calculator.v(21): instance has no name
Critical Warning (10846): Verilog HDL Instantiation warning at calculator.v(22): instance has no name
Critical Warning (10846): Verilog HDL Instantiation warning at calculator.v(23): instance has no name
Critical Warning (10846): Verilog HDL Instantiation warning at calculator.v(24): instance has no name
Critical Warning (10846): Verilog HDL Instantiation warning at calculator.v(26): instance has no name
Critical Warning (10846): Verilog HDL Instantiation warning at calculator.v(28): instance has no name
Critical Warning (10846): Verilog HDL Instantiation warning at calculator.v(30): instance has no name
Critical Warning (10846): Verilog HDL Instantiation warning at calculator.v(31): instance has no name
Info (12127): Elaborating entity "calculator" for the top level hierarchy
Info (12128): Elaborating entity "getNum" for hierarchy "getNum:comb_3"
Info (12128): Elaborating entity "compute" for hierarchy "compute:comb_5"
Warning (10230): Verilog HDL assignment warning at calculator.v(77): truncated value with size 32 to match size of target (6)
Warning (10240): Verilog HDL Always Construct warning at calculator.v(64): inferring latch(es) for variable "tmp", which holds its previous value in one or more paths through the always construct
Info (10041): Inferred latch for "tmp[0]" at calculator.v(64)
Info (10041): Inferred latch for "tmp[1]" at calculator.v(64)
Info (10041): Inferred latch for "tmp[2]" at calculator.v(64)
Info (10041): Inferred latch for "tmp[3]" at calculator.v(64)
Info (10041): Inferred latch for "tmp[4]" at calculator.v(64)
Info (10041): Inferred latch for "tmp[5]" at calculator.v(64)
Info (12128): Elaborating entity "printNull" for hierarchy "printNull:comb_6"
Info (12128): Elaborating entity "print3BitNum" for hierarchy "print3BitNum:comb_10"
Info (12128): Elaborating entity "print5BitNum10" for hierarchy "print5BitNum10:comb_12"
Info (12128): Elaborating entity "print5BitNum" for hierarchy "print5BitNum:comb_14"
Info (278001): Inferred 4 megafunctions from design logic
    Info (278004): Inferred divider/modulo megafunction ("lpm_divide") from the following logic: "Div0"
    Info (278004): Inferred divider/modulo megafunction ("lpm_divide") from the following logic: "Mod0"
    Info (278003): Inferred multiplier megafunction ("lpm_mult") from the following logic: "compute:comb_5|Mult0"
    Info (278004): Inferred divider/modulo megafunction ("lpm_divide") from the following logic: "compute:comb_5|Div0"
Info (12130): Elaborated megafunction instantiation "lpm_divide:Div0"
Info (12133): Instantiated megafunction "lpm_divide:Div0" with the following parameter:
    Info (12134): Parameter "LPM_WIDTHN" = "6"
    Info (12134): Parameter "LPM_WIDTHD" = "4"
    Info (12134): Parameter "LPM_NREPRESENTATION" = "UNSIGNED"
    Info (12134): Parameter "LPM_DREPRESENTATION" = "UNSIGNED"
Info (12021): Found 1 design units, including 1 entities, in source file db/lpm_divide_vcm.tdf
    Info (12023): Found entity 1: lpm_divide_vcm
Info (12021): Found 1 design units, including 1 entities, in source file db/sign_div_unsign_9kh.tdf
    Info (12023): Found entity 1: sign_div_unsign_9kh
Info (12021): Found 1 design units, including 1 entities, in source file db/alt_u_div_kve.tdf
    Info (12023): Found entity 1: alt_u_div_kve
Info (12021): Found 1 design units, including 1 entities, in source file db/add_sub_lkc.tdf
    Info (12023): Found entity 1: add_sub_lkc
Info (12021): Found 1 design units, including 1 entities, in source file db/add_sub_mkc.tdf
    Info (12023): Found entity 1: add_sub_mkc
Info (12130): Elaborated megafunction instantiation "lpm_divide:Mod0"
Info (12133): Instantiated megafunction "lpm_divide:Mod0" with the following parameter:
    Info (12134): Parameter "LPM_WIDTHN" = "6"
    Info (12134): Parameter "LPM_WIDTHD" = "4"
    Info (12134): Parameter "LPM_NREPRESENTATION" = "UNSIGNED"
    Info (12134): Parameter "LPM_DREPRESENTATION" = "UNSIGNED"
Info (12021): Found 1 design units, including 1 entities, in source file db/lpm_divide_25m.tdf
    Info (12023): Found entity 1: lpm_divide_25m
Info (12130): Elaborated megafunction instantiation "compute:comb_5|lpm_mult:Mult0"
Info (12133): Instantiated megafunction "compute:comb_5|lpm_mult:Mult0" with the following parameter:
    Info (12134): Parameter "LPM_WIDTHA" = "3"
    Info (12134): Parameter "LPM_WIDTHB" = "3"
    Info (12134): Parameter "LPM_WIDTHP" = "6"
    Info (12134): Parameter "LPM_WIDTHR" = "6"
    Info (12134): Parameter "LPM_WIDTHS" = "1"
    Info (12134): Parameter "LPM_REPRESENTATION" = "UNSIGNED"
    Info (12134): Parameter "INPUT_A_IS_CONSTANT" = "NO"
    Info (12134): Parameter "INPUT_B_IS_CONSTANT" = "NO"
    Info (12134): Parameter "MAXIMIZE_SPEED" = "5"
Info (12131): Elaborated megafunction instantiation "compute:comb_5|lpm_mult:Mult0|multcore:mult_core", which is child of megafunction instantiation "compute:comb_5|lpm_mult:Mult0"
Info (12131): Elaborated megafunction instantiation "compute:comb_5|lpm_mult:Mult0|multcore:mult_core|mpar_add:padder", which is child of megafunction instantiation "compute:comb_5|lpm_mult:Mult0"
Info (12131): Elaborated megafunction instantiation "compute:comb_5|lpm_mult:Mult0|multcore:mult_core|mpar_add:padder|lpm_add_sub:adder[0]", which is child of megafunction instantiation "compute:comb_5|lpm_mult:Mult0"
Info (12021): Found 1 design units, including 1 entities, in source file db/add_sub_07h.tdf
    Info (12023): Found entity 1: add_sub_07h
Info (12131): Elaborated megafunction instantiation "compute:comb_5|lpm_mult:Mult0|multcore:mult_core|mpar_add:padder|mpar_add:sub_par_add", which is child of megafunction instantiation "compute:comb_5|lpm_mult:Mult0"
Info (12131): Elaborated megafunction instantiation "compute:comb_5|lpm_mult:Mult0|multcore:mult_core|mpar_add:padder|mpar_add:sub_par_add|lpm_add_sub:adder[0]", which is child of megafunction instantiation "compute:comb_5|lpm_mult:Mult0"
Info (12021): Found 1 design units, including 1 entities, in source file db/add_sub_17h.tdf
    Info (12023): Found entity 1: add_sub_17h
Info (12131): Elaborated megafunction instantiation "compute:comb_5|lpm_mult:Mult0|altshift:external_latency_ffs", which is child of megafunction instantiation "compute:comb_5|lpm_mult:Mult0"
Info (12130): Elaborated megafunction instantiation "compute:comb_5|lpm_divide:Div0"
Info (12133): Instantiated megafunction "compute:comb_5|lpm_divide:Div0" with the following parameter:
    Info (12134): Parameter "LPM_WIDTHN" = "3"
    Info (12134): Parameter "LPM_WIDTHD" = "3"
    Info (12134): Parameter "LPM_NREPRESENTATION" = "UNSIGNED"
    Info (12134): Parameter "LPM_DREPRESENTATION" = "UNSIGNED"
Info (12021): Found 1 design units, including 1 entities, in source file db/lpm_divide_rcm.tdf
    Info (12023): Found entity 1: lpm_divide_rcm
Info (12021): Found 1 design units, including 1 entities, in source file db/sign_div_unsign_5kh.tdf
    Info (12023): Found entity 1: sign_div_unsign_5kh
Info (12021): Found 1 design units, including 1 entities, in source file db/alt_u_div_cve.tdf
    Info (12023): Found entity 1: alt_u_div_cve
Warning (12241): 2 hierarchies have connectivity warnings - see the Connectivity Checks report folder
Warning (13012): Latch compute:comb_5|tmp[3] has unsafe behavior
    Warning (13013): Ports D and ENA on the latch are fed by the same signal add
    Warning (13013): Ports ENA and CLR on the latch are fed by the same signal add
Warning (13012): Latch compute:comb_5|tmp[0] has unsafe behavior
    Warning (13013): Ports D and ENA on the latch are fed by the same signal add
    Warning (13013): Ports ENA and PRE on the latch are fed by the same signal add
Warning (13012): Latch compute:comb_5|tmp[2] has unsafe behavior
    Warning (13013): Ports D and ENA on the latch are fed by the same signal add
    Warning (13013): Ports ENA and CLR on the latch are fed by the same signal add
Warning (13012): Latch compute:comb_5|tmp[1] has unsafe behavior
    Warning (13013): Ports D and ENA on the latch are fed by the same signal add
    Warning (13013): Ports ENA and PRE on the latch are fed by the same signal add
Warning (13012): Latch compute:comb_5|tmp[5] has unsafe behavior
    Warning (13013): Ports D and ENA on the latch are fed by the same signal sub
    Warning (13013): Ports ENA and PRE on the latch are fed by the same signal sub
Warning (13012): Latch compute:comb_5|tmp[4] has unsafe behavior
    Warning (13013): Ports D and ENA on the latch are fed by the same signal sub
    Warning (13013): Ports ENA and PRE on the latch are fed by the same signal sub
Warning (13024): Output pins are stuck at VCC or GND
    Warning (13410): Pin "uHex1_0" is stuck at VCC
    Warning (13410): Pin "uHex1_1" is stuck at VCC
    Warning (13410): Pin "uHex1_2" is stuck at VCC
    Warning (13410): Pin "uHex1_3" is stuck at VCC
    Warning (13410): Pin "uHex1_4" is stuck at VCC
    Warning (13410): Pin "uHex1_5" is stuck at VCC
    Warning (13410): Pin "uHex1_6" is stuck at VCC
    Warning (13410): Pin "uHex2_0" is stuck at VCC
    Warning (13410): Pin "uHex2_1" is stuck at VCC
    Warning (13410): Pin "uHex2_2" is stuck at VCC
    Warning (13410): Pin "uHex2_3" is stuck at VCC
    Warning (13410): Pin "uHex2_4" is stuck at VCC
    Warning (13410): Pin "uHex2_5" is stuck at VCC
    Warning (13410): Pin "uHex2_6" is stuck at VCC
    Warning (13410): Pin "uHex3_0" is stuck at VCC
    Warning (13410): Pin "uHex3_1" is stuck at VCC
    Warning (13410): Pin "uHex3_2" is stuck at VCC
    Warning (13410): Pin "uHex3_3" is stuck at VCC
    Warning (13410): Pin "uHex3_4" is stuck at VCC
    Warning (13410): Pin "uHex3_5" is stuck at VCC
    Warning (13410): Pin "uHex3_6" is stuck at VCC
    Warning (13410): Pin "uHex4_0" is stuck at VCC
    Warning (13410): Pin "uHex4_1" is stuck at VCC
    Warning (13410): Pin "uHex4_2" is stuck at VCC
    Warning (13410): Pin "uHex4_3" is stuck at VCC
    Warning (13410): Pin "uHex4_4" is stuck at VCC
    Warning (13410): Pin "uHex4_5" is stuck at VCC
    Warning (13410): Pin "uHex4_6" is stuck at VCC
Info (16010): Generating hard_block partition "hard_block:auto_generated_inst"
    Info (16011): Adding 0 node(s), including 0 DDIO, 0 PLL, 0 transceiver and 0 LCELL
Info (21057): Implemented 238 device resources after synthesis - the final resource count might be different
    Info (21058): Implemented 10 input pins
    Info (21059): Implemented 56 output pins
    Info (21061): Implemented 172 logic cells
Info: Quartus II 64-Bit Analysis & Synthesis was successful. 0 errors, 62 warnings
    Info: Peak virtual memory: 549 megabytes
    Info: Processing ended: Fri Apr 20 17:31:33 2018
    Info: Elapsed time: 00:00:04
    Info: Total CPU time (on all processors): 00:00:03


